INFO [2024-06-28 09:57:28] [[1]]
INFO [2024-06-28 09:57:28] vennlist
INFO [2024-06-28 09:57:28] 
INFO [2024-06-28 09:57:28] $height
INFO [2024-06-28 09:57:28] [1] 5
INFO [2024-06-28 09:57:28] 
INFO [2024-06-28 09:57:28] $width
INFO [2024-06-28 09:57:28] [1] 5
INFO [2024-06-28 09:57:28] 
INFO [2024-06-28 09:57:28] $filename
INFO [2024-06-28 09:57:28] NULL
INFO [2024-06-28 09:57:28] 
INFO [2024-06-28 09:57:28] $fill
INFO [2024-06-28 09:57:28] c("#00AED7", "#FD9347", "#AF1580")
INFO [2024-06-28 09:57:28] 
INFO [2024-06-28 09:57:28] $cat.col
INFO [2024-06-28 09:57:28] c("#00AED7", "#FD9347", "#AF1580")
INFO [2024-06-28 09:57:28] 
INFO [2024-06-28 09:57:28] $alpha
INFO [2024-06-28 09:57:28] [1] 0.85
INFO [2024-06-28 09:57:28] 
INFO [2024-06-28 09:57:28] $fontfamily
INFO [2024-06-28 09:57:28] [1] "serif"
INFO [2024-06-28 09:57:28] 
INFO [2024-06-28 09:57:28] $fontface
INFO [2024-06-28 09:57:28] [1] "bold"
INFO [2024-06-28 09:57:28] 
INFO [2024-06-28 09:57:28] $cex
INFO [2024-06-28 09:57:28] [1] 1.2
INFO [2024-06-28 09:57:28] 
INFO [2024-06-28 09:57:28] $cat.cex
INFO [2024-06-28 09:57:28] [1] 1.3
INFO [2024-06-28 09:57:28] 
INFO [2024-06-28 09:57:28] $cat.default.pos
INFO [2024-06-28 09:57:28] [1] "outer"
INFO [2024-06-28 09:57:28] 
INFO [2024-06-28 09:57:28] $cat.dist
INFO [2024-06-28 09:57:28] [1] 0.1
INFO [2024-06-28 09:57:28] 
INFO [2024-06-28 09:57:28] $margin
INFO [2024-06-28 09:57:28] [1] 0.1
INFO [2024-06-28 09:57:28] 
INFO [2024-06-28 09:57:28] $lwd
INFO [2024-06-28 09:57:28] [1] 3
INFO [2024-06-28 09:57:28] 
INFO [2024-06-28 09:57:28] $lty
INFO [2024-06-28 09:57:28] [1] "dotted"
INFO [2024-06-28 09:57:28] 
INFO [2024-06-28 09:57:28] $imagetype
INFO [2024-06-28 09:57:28] [1] "svg"
INFO [2024-06-28 09:57:28] 
